2017-07-03 15:30:39 Sql: SHOW TABLES FROM `timbreo`

2017-07-03 15:30:39 Sql: SHOW FULL COLUMNS FROM `timbreo`.`sys_configurations`

2017-07-03 15:30:39 Sql: SELECT CHARACTER_SET_NAME FROM INFORMATION_SCHEMA.COLLATIONS WHERE COLLATION_NAME = ?

2017-07-03 15:30:39 Sql: SELECT `Configuration`.`id`, `Configuration`.`fecha_modificacion`, `Configuration`.`empresa`, `Configuration`.`telefono`, `Configuration`.`fax`, `Configuration`.`email`, `Configuration`.`web`, `Configuration`.`footer`, `Configuration`.`server_emails`, `Configuration`.`server_sms`, `Configuration`.`max_emails`, `Configuration`.`max_emails_dominio`, `Configuration`.`rol_operador_soporte`, `Configuration`.`rol_supervisor_soporte`, `Configuration`.`rol_tecnico_soporte`, `Configuration`.`rol_transportista_almacen`, `Configuration`.`rol_intendente_eevv`, `Configuration`.`rol_relevador`, `Configuration`.`rol_supervisor_relevadores`, `Configuration`.`hospital_medico_laboral`, `Configuration`.`problema_id_medico_laboral`, `Configuration`.`dependencia_responsable_licencias`, `Configuration`.`version`, `Configuration`.`provision_dependencia_id`, `Configuration`.`rrhh_monto`, `Configuration`.`rrhh_q`, `Configuration`.`fecha_ult_carga_sap` FROM `timbreo`.`sys_configurations` AS `Configuration`   WHERE 1 = 1    LIMIT 1

2017-07-03 15:37:11 Sql: SHOW TABLES FROM `timbreo`

2017-07-03 15:37:11 Sql: SHOW FULL COLUMNS FROM `timbreo`.`acc_users`

2017-07-03 15:37:11 Sql: SELECT CHARACTER_SET_NAME FROM INFORMATION_SCHEMA.COLLATIONS WHERE COLLATION_NAME = ?

2017-07-03 15:37:41 Sql: SHOW TABLES FROM `timbreo`

2017-07-03 15:37:41 Sql: SHOW FULL COLUMNS FROM `timbreo`.`acc_users`

2017-07-03 15:37:41 Sql: SELECT CHARACTER_SET_NAME FROM INFORMATION_SCHEMA.COLLATIONS WHERE COLLATION_NAME = ?

2017-07-03 15:37:44 Sql: SELECT `User`.`id`, `User`.`fecha_carga`, `User`.`fecha_modificacion`, `User`.`firstname`, `User`.`lastname`, `User`.`username`, `User`.`password`, `User`.`estado`, `User`.`email`, (CONCAT(`User`.`firstname`, " ", `User`.`lastname`)) AS  `User__fullname` FROM `timbreo`.`acc_users` AS `User`   WHERE `User`.`username` = 'federicobouzas@gmail.com' AND `User`.`estado` = 'Activo'    LIMIT 1

2017-07-03 15:37:44 Sql: SHOW FULL COLUMNS FROM `timbreo`.`acc_buttons`

2017-07-03 15:37:44 Sql: SELECT CHARACTER_SET_NAME FROM INFORMATION_SCHEMA.COLLATIONS WHERE COLLATION_NAME = ?

2017-07-03 15:37:44 Sql: SELECT `GlobalButton`.`id`, `GlobalButton`.`fecha_carga`, `GlobalButton`.`fecha_modificacion`, `GlobalButton`.`user_id`, `GlobalButton`.`global`, `GlobalButton`.`query`, `GlobalButton`.`display_order`, `GlobalButton`.`refresh`, `GlobalButton`.`icon`, `GlobalButton`.`url`, `GlobalButton`.`description`, `GlobalButton`.`status` FROM `timbreo`.`acc_buttons` AS `GlobalButton`   WHERE `GlobalButton`.`status` = 'Activo' AND `GlobalButton`.`global` = 'Si'

2017-07-03 15:37:44 Sql: SHOW FULL COLUMNS FROM `timbreo`.`acc_users_recovers`

2017-07-03 15:37:44 Sql: SELECT `UserRecover`.`id`, `UserRecover`.`fecha_carga`, `UserRecover`.`user_id`, `UserRecover`.`hash` FROM `timbreo`.`acc_users_recovers` AS `UserRecover`   WHERE `UserRecover`.`user_id` = (1)

2017-07-03 15:37:44 Sql: SHOW FULL COLUMNS FROM `timbreo`.`sys_logs`

2017-07-03 15:37:44 Sql: SELECT `Log`.`id`, `Log`.`fecha_carga`, `Log`.`user_id`, `Log`.`model`, `Log`.`action`, `Log`.`model_id` FROM `timbreo`.`sys_logs` AS `Log`   WHERE `Log`.`user_id` = (1)

2017-07-03 15:37:44 Sql: SHOW FULL COLUMNS FROM `timbreo`.`sys_bloqueos`

2017-07-03 15:37:44 Sql: SELECT `Bloqueo`.`id`, `Bloqueo`.`fecha_carga`, `Bloqueo`.`session_id`, `Bloqueo`.`user_id`, `Bloqueo`.`model`, `Bloqueo`.`model_id` FROM `timbreo`.`sys_bloqueos` AS `Bloqueo`   WHERE `Bloqueo`.`user_id` = (1)

2017-07-03 15:37:44 Sql: SHOW FULL COLUMNS FROM `timbreo`.`acc_users_rols`

2017-07-03 15:37:44 Sql: SHOW FULL COLUMNS FROM `timbreo`.`acc_rols`

2017-07-03 15:37:44 Sql: SELECT `Rol`.`id`, `Rol`.`fecha_carga`, `Rol`.`fecha_modificacion`, `Rol`.`user_id`, `Rol`.`nombre`, `AccUsersRol`.`id`, `AccUsersRol`.`user_id`, `AccUsersRol`.`rol_id` FROM `timbreo`.`acc_rols` AS `Rol` JOIN `timbreo`.`acc_users_rols` AS `AccUsersRol` ON (`AccUsersRol`.`user_id` = 1 AND `AccUsersRol`.`rol_id` = `Rol`.`id`) 

2017-07-03 15:37:44 Sql: SHOW FULL COLUMNS FROM `timbreo`.`msg_notifications_users`

2017-07-03 15:37:44 Sql: SHOW FULL COLUMNS FROM `timbreo`.`msg_notifications`

2017-07-03 15:37:44 Sql: SELECT `Notification`.`id`, `Notification`.`fecha_carga`, `Notification`.`user_id`, `Notification`.`model`, `Notification`.`model_id`, `Notification`.`action`, `Notification`.`read`, `MsgNotificationsUser`.`id`, `MsgNotificationsUser`.`notification_id`, `MsgNotificationsUser`.`user_id`, `MsgNotificationsUser`.`read` FROM `timbreo`.`msg_notifications` AS `Notification` JOIN `timbreo`.`msg_notifications_users` AS `MsgNotificationsUser` ON (`MsgNotificationsUser`.`user_id` = 1 AND `MsgNotificationsUser`.`notification_id` = `Notification`.`id`) 

2017-07-03 15:37:44 Sql: SELECT `User`.`id`, `User`.`fecha_carga`, `User`.`fecha_modificacion`, `User`.`firstname`, `User`.`lastname`, `User`.`username`, `User`.`password`, `User`.`estado`, `User`.`email`, (CONCAT(`User`.`firstname`, " ", `User`.`lastname`)) AS  `User__fullname` FROM `timbreo`.`acc_users` AS `User`   WHERE `User`.`username` = 'federicobouzas@gmail.com'    LIMIT 1

2017-07-03 15:40:41 Sql: SHOW FULL COLUMNS FROM `timbreo`.`sys_configurations`

2017-07-03 15:40:41 Sql: SELECT CHARACTER_SET_NAME FROM INFORMATION_SCHEMA.COLLATIONS WHERE COLLATION_NAME = ?

2017-07-03 15:40:41 Sql: SELECT `Configuration`.`id`, `Configuration`.`fecha_modificacion`, `Configuration`.`empresa`, `Configuration`.`telefono`, `Configuration`.`fax`, `Configuration`.`email`, `Configuration`.`web`, `Configuration`.`footer`, `Configuration`.`server_emails`, `Configuration`.`server_sms`, `Configuration`.`max_emails`, `Configuration`.`max_emails_dominio`, `Configuration`.`rol_operador_soporte`, `Configuration`.`rol_supervisor_soporte`, `Configuration`.`rol_tecnico_soporte`, `Configuration`.`rol_transportista_almacen`, `Configuration`.`rol_intendente_eevv`, `Configuration`.`rol_relevador`, `Configuration`.`rol_supervisor_relevadores`, `Configuration`.`hospital_medico_laboral`, `Configuration`.`problema_id_medico_laboral`, `Configuration`.`dependencia_responsable_licencias`, `Configuration`.`version`, `Configuration`.`provision_dependencia_id`, `Configuration`.`rrhh_monto`, `Configuration`.`rrhh_q`, `Configuration`.`fecha_ult_carga_sap` FROM `timbreo`.`sys_configurations` AS `Configuration`   WHERE 1 = 1    LIMIT 1

2017-07-03 15:40:58 Sql: SHOW TABLES FROM `timbreo`

2017-07-03 15:40:58 Sql: SHOW FULL COLUMNS FROM `timbreo`.`acc_users`

2017-07-03 15:40:58 Sql: SELECT CHARACTER_SET_NAME FROM INFORMATION_SCHEMA.COLLATIONS WHERE COLLATION_NAME = ?

2017-07-03 15:42:43 Sql: SHOW TABLES FROM `timbreo`

2017-07-03 15:42:43 Sql: SHOW FULL COLUMNS FROM `timbreo`.`acc_users`

2017-07-03 15:42:43 Sql: SELECT CHARACTER_SET_NAME FROM INFORMATION_SCHEMA.COLLATIONS WHERE COLLATION_NAME = ?

2017-07-03 15:42:43 Sql: SELECT `User`.`id`, `User`.`fecha_carga`, `User`.`fecha_modificacion`, `User`.`firstname`, `User`.`lastname`, `User`.`username`, `User`.`password`, `User`.`estado`, `User`.`email`, (CONCAT(`User`.`firstname`, " ", `User`.`lastname`)) AS  `User__fullname` FROM `timbreo`.`acc_users` AS `User`   WHERE `User`.`username` = 'federicobouzas@gmail.com' AND `User`.`estado` = 'Activo'    LIMIT 1

2017-07-03 15:42:43 Sql: SHOW FULL COLUMNS FROM `timbreo`.`acc_buttons`

2017-07-03 15:42:43 Sql: SELECT `GlobalButton`.`id`, `GlobalButton`.`fecha_carga`, `GlobalButton`.`fecha_modificacion`, `GlobalButton`.`user_id`, `GlobalButton`.`global`, `GlobalButton`.`query`, `GlobalButton`.`display_order`, `GlobalButton`.`refresh`, `GlobalButton`.`icon`, `GlobalButton`.`url`, `GlobalButton`.`description`, `GlobalButton`.`status` FROM `timbreo`.`acc_buttons` AS `GlobalButton`   WHERE `GlobalButton`.`status` = 'Activo' AND `GlobalButton`.`global` = 'Si'

2017-07-03 15:42:43 Sql: SHOW FULL COLUMNS FROM `timbreo`.`acc_users_recovers`

2017-07-03 15:42:43 Sql: SELECT `UserRecover`.`id`, `UserRecover`.`fecha_carga`, `UserRecover`.`user_id`, `UserRecover`.`hash` FROM `timbreo`.`acc_users_recovers` AS `UserRecover`   WHERE `UserRecover`.`user_id` = (1)

2017-07-03 15:42:43 Sql: SHOW FULL COLUMNS FROM `timbreo`.`sys_logs`

2017-07-03 15:42:43 Sql: SELECT `Log`.`id`, `Log`.`fecha_carga`, `Log`.`user_id`, `Log`.`model`, `Log`.`action`, `Log`.`model_id` FROM `timbreo`.`sys_logs` AS `Log`   WHERE `Log`.`user_id` = (1)

2017-07-03 15:42:43 Sql: SHOW FULL COLUMNS FROM `timbreo`.`sys_bloqueos`

2017-07-03 15:42:43 Sql: SELECT `Bloqueo`.`id`, `Bloqueo`.`fecha_carga`, `Bloqueo`.`session_id`, `Bloqueo`.`user_id`, `Bloqueo`.`model`, `Bloqueo`.`model_id` FROM `timbreo`.`sys_bloqueos` AS `Bloqueo`   WHERE `Bloqueo`.`user_id` = (1)

2017-07-03 15:42:43 Sql: SHOW FULL COLUMNS FROM `timbreo`.`acc_users_rols`

2017-07-03 15:42:43 Sql: SHOW FULL COLUMNS FROM `timbreo`.`acc_rols`

2017-07-03 15:42:43 Sql: SELECT `Rol`.`id`, `Rol`.`fecha_carga`, `Rol`.`fecha_modificacion`, `Rol`.`user_id`, `Rol`.`nombre`, `AccUsersRol`.`id`, `AccUsersRol`.`user_id`, `AccUsersRol`.`rol_id` FROM `timbreo`.`acc_rols` AS `Rol` JOIN `timbreo`.`acc_users_rols` AS `AccUsersRol` ON (`AccUsersRol`.`user_id` = 1 AND `AccUsersRol`.`rol_id` = `Rol`.`id`) 

2017-07-03 15:42:43 Sql: SHOW FULL COLUMNS FROM `timbreo`.`msg_notifications_users`

2017-07-03 15:42:43 Sql: SHOW FULL COLUMNS FROM `timbreo`.`msg_notifications`

2017-07-03 15:42:43 Sql: SELECT `Notification`.`id`, `Notification`.`fecha_carga`, `Notification`.`user_id`, `Notification`.`model`, `Notification`.`model_id`, `Notification`.`action`, `Notification`.`read`, `MsgNotificationsUser`.`id`, `MsgNotificationsUser`.`notification_id`, `MsgNotificationsUser`.`user_id`, `MsgNotificationsUser`.`read` FROM `timbreo`.`msg_notifications` AS `Notification` JOIN `timbreo`.`msg_notifications_users` AS `MsgNotificationsUser` ON (`MsgNotificationsUser`.`user_id` = 1 AND `MsgNotificationsUser`.`notification_id` = `Notification`.`id`) 

2017-07-03 15:42:43 Sql: SELECT `User`.`id`, `User`.`fecha_carga`, `User`.`fecha_modificacion`, `User`.`firstname`, `User`.`lastname`, `User`.`username`, `User`.`password`, `User`.`estado`, `User`.`email`, (CONCAT(`User`.`firstname`, " ", `User`.`lastname`)) AS  `User__fullname` FROM `timbreo`.`acc_users` AS `User`   WHERE `User`.`username` = 'federicobouzas@gmail.com'    LIMIT 1

2017-07-03 15:45:33 Sql: SHOW FULL COLUMNS FROM `timbreo`.`sys_configurations`

2017-07-03 15:45:33 Sql: SELECT CHARACTER_SET_NAME FROM INFORMATION_SCHEMA.COLLATIONS WHERE COLLATION_NAME = ?

2017-07-03 15:45:33 Sql: SELECT `Configuration`.`id`, `Configuration`.`fecha_modificacion`, `Configuration`.`empresa`, `Configuration`.`telefono`, `Configuration`.`fax`, `Configuration`.`email`, `Configuration`.`web`, `Configuration`.`footer`, `Configuration`.`server_emails`, `Configuration`.`server_sms`, `Configuration`.`max_emails`, `Configuration`.`max_emails_dominio`, `Configuration`.`rol_operador_soporte`, `Configuration`.`rol_supervisor_soporte`, `Configuration`.`rol_tecnico_soporte`, `Configuration`.`rol_transportista_almacen`, `Configuration`.`rol_intendente_eevv`, `Configuration`.`rol_relevador`, `Configuration`.`rol_supervisor_relevadores`, `Configuration`.`hospital_medico_laboral`, `Configuration`.`problema_id_medico_laboral`, `Configuration`.`dependencia_responsable_licencias`, `Configuration`.`version`, `Configuration`.`provision_dependencia_id`, `Configuration`.`rrhh_monto`, `Configuration`.`rrhh_q`, `Configuration`.`fecha_ult_carga_sap` FROM `timbreo`.`sys_configurations` AS `Configuration`   WHERE 1 = 1    LIMIT 1

2017-07-03 15:45:50 Sql: SHOW TABLES FROM `timbreo`

2017-07-03 15:45:50 Sql: SHOW FULL COLUMNS FROM `timbreo`.`acc_users`

2017-07-03 15:45:50 Sql: SELECT CHARACTER_SET_NAME FROM INFORMATION_SCHEMA.COLLATIONS WHERE COLLATION_NAME = ?

2017-07-03 15:45:50 Sql: SELECT `User`.`id`, `User`.`fecha_carga`, `User`.`fecha_modificacion`, `User`.`firstname`, `User`.`lastname`, `User`.`username`, `User`.`password`, `User`.`estado`, `User`.`email`, (CONCAT(`User`.`firstname`, " ", `User`.`lastname`)) AS  `User__fullname` FROM `timbreo`.`acc_users` AS `User`   WHERE `User`.`username` = 'federicobouzas@gmail.com' AND `User`.`estado` = 'Activo'    LIMIT 1

2017-07-03 15:45:50 Sql: SHOW FULL COLUMNS FROM `timbreo`.`acc_buttons`

2017-07-03 15:45:50 Sql: SELECT `GlobalButton`.`id`, `GlobalButton`.`fecha_carga`, `GlobalButton`.`fecha_modificacion`, `GlobalButton`.`user_id`, `GlobalButton`.`global`, `GlobalButton`.`query`, `GlobalButton`.`display_order`, `GlobalButton`.`refresh`, `GlobalButton`.`icon`, `GlobalButton`.`url`, `GlobalButton`.`description`, `GlobalButton`.`status` FROM `timbreo`.`acc_buttons` AS `GlobalButton`   WHERE `GlobalButton`.`status` = 'Activo' AND `GlobalButton`.`global` = 'Si'

2017-07-03 15:45:50 Sql: SHOW FULL COLUMNS FROM `timbreo`.`acc_users_recovers`

2017-07-03 15:45:50 Sql: SELECT `UserRecover`.`id`, `UserRecover`.`fecha_carga`, `UserRecover`.`user_id`, `UserRecover`.`hash` FROM `timbreo`.`acc_users_recovers` AS `UserRecover`   WHERE `UserRecover`.`user_id` = (1)

2017-07-03 15:45:50 Sql: SHOW FULL COLUMNS FROM `timbreo`.`sys_logs`

2017-07-03 15:45:50 Sql: SELECT `Log`.`id`, `Log`.`fecha_carga`, `Log`.`user_id`, `Log`.`model`, `Log`.`action`, `Log`.`model_id` FROM `timbreo`.`sys_logs` AS `Log`   WHERE `Log`.`user_id` = (1)

2017-07-03 15:45:50 Sql: SHOW FULL COLUMNS FROM `timbreo`.`sys_bloqueos`

2017-07-03 15:45:50 Sql: SELECT `Bloqueo`.`id`, `Bloqueo`.`fecha_carga`, `Bloqueo`.`session_id`, `Bloqueo`.`user_id`, `Bloqueo`.`model`, `Bloqueo`.`model_id` FROM `timbreo`.`sys_bloqueos` AS `Bloqueo`   WHERE `Bloqueo`.`user_id` = (1)

2017-07-03 15:45:50 Sql: SHOW FULL COLUMNS FROM `timbreo`.`acc_users_rols`

2017-07-03 15:45:50 Sql: SHOW FULL COLUMNS FROM `timbreo`.`acc_rols`

2017-07-03 15:45:50 Sql: SELECT `Rol`.`id`, `Rol`.`fecha_carga`, `Rol`.`fecha_modificacion`, `Rol`.`user_id`, `Rol`.`nombre`, `AccUsersRol`.`id`, `AccUsersRol`.`user_id`, `AccUsersRol`.`rol_id` FROM `timbreo`.`acc_rols` AS `Rol` JOIN `timbreo`.`acc_users_rols` AS `AccUsersRol` ON (`AccUsersRol`.`user_id` = 1 AND `AccUsersRol`.`rol_id` = `Rol`.`id`) 

2017-07-03 15:45:50 Sql: SHOW FULL COLUMNS FROM `timbreo`.`msg_notifications_users`

2017-07-03 15:45:50 Sql: SHOW FULL COLUMNS FROM `timbreo`.`msg_notifications`

2017-07-03 15:45:50 Sql: SELECT `Notification`.`id`, `Notification`.`fecha_carga`, `Notification`.`user_id`, `Notification`.`model`, `Notification`.`model_id`, `Notification`.`action`, `Notification`.`read`, `MsgNotificationsUser`.`id`, `MsgNotificationsUser`.`notification_id`, `MsgNotificationsUser`.`user_id`, `MsgNotificationsUser`.`read` FROM `timbreo`.`msg_notifications` AS `Notification` JOIN `timbreo`.`msg_notifications_users` AS `MsgNotificationsUser` ON (`MsgNotificationsUser`.`user_id` = 1 AND `MsgNotificationsUser`.`notification_id` = `Notification`.`id`) 

2017-07-03 15:45:50 Sql: SELECT `User`.`id`, `User`.`fecha_carga`, `User`.`fecha_modificacion`, `User`.`firstname`, `User`.`lastname`, `User`.`username`, `User`.`password`, `User`.`estado`, `User`.`email`, (CONCAT(`User`.`firstname`, " ", `User`.`lastname`)) AS  `User__fullname` FROM `timbreo`.`acc_users` AS `User`   WHERE `User`.`username` = 'federicobouzas@gmail.com'    LIMIT 1

2017-07-03 15:46:26 Sql: SHOW FULL COLUMNS FROM `timbreo`.`sys_configurations`

2017-07-03 15:46:26 Sql: SELECT CHARACTER_SET_NAME FROM INFORMATION_SCHEMA.COLLATIONS WHERE COLLATION_NAME = ?

2017-07-03 15:46:26 Sql: SELECT `Configuration`.`id`, `Configuration`.`fecha_modificacion`, `Configuration`.`empresa`, `Configuration`.`telefono`, `Configuration`.`fax`, `Configuration`.`email`, `Configuration`.`web`, `Configuration`.`footer`, `Configuration`.`server_emails`, `Configuration`.`server_sms`, `Configuration`.`max_emails`, `Configuration`.`max_emails_dominio`, `Configuration`.`rol_operador_soporte`, `Configuration`.`rol_supervisor_soporte`, `Configuration`.`rol_tecnico_soporte`, `Configuration`.`rol_transportista_almacen`, `Configuration`.`rol_intendente_eevv`, `Configuration`.`rol_relevador`, `Configuration`.`rol_supervisor_relevadores`, `Configuration`.`hospital_medico_laboral`, `Configuration`.`problema_id_medico_laboral`, `Configuration`.`dependencia_responsable_licencias`, `Configuration`.`version`, `Configuration`.`provision_dependencia_id`, `Configuration`.`rrhh_monto`, `Configuration`.`rrhh_q`, `Configuration`.`fecha_ult_carga_sap` FROM `timbreo`.`sys_configurations` AS `Configuration`   WHERE 1 = 1    LIMIT 1

2017-07-03 15:46:29 Sql: SELECT `User`.`id`, `User`.`fecha_carga`, `User`.`fecha_modificacion`, `User`.`firstname`, `User`.`lastname`, `User`.`username`, `User`.`password`, `User`.`estado`, `User`.`email`, (CONCAT(`User`.`firstname`, " ", `User`.`lastname`)) AS  `User__fullname` FROM `timbreo`.`acc_users` AS `User`   WHERE `User`.`username` = 'federicobouzas@gmail.com' AND `User`.`estado` = 'Activo'    LIMIT 1

2017-07-03 15:46:29 Sql: SELECT `GlobalButton`.`id`, `GlobalButton`.`fecha_carga`, `GlobalButton`.`fecha_modificacion`, `GlobalButton`.`user_id`, `GlobalButton`.`global`, `GlobalButton`.`query`, `GlobalButton`.`display_order`, `GlobalButton`.`refresh`, `GlobalButton`.`icon`, `GlobalButton`.`url`, `GlobalButton`.`description`, `GlobalButton`.`status` FROM `timbreo`.`acc_buttons` AS `GlobalButton`   WHERE `GlobalButton`.`status` = 'Activo' AND `GlobalButton`.`global` = 'Si'

2017-07-03 15:46:29 Sql: SELECT `UserRecover`.`id`, `UserRecover`.`fecha_carga`, `UserRecover`.`user_id`, `UserRecover`.`hash` FROM `timbreo`.`acc_users_recovers` AS `UserRecover`   WHERE `UserRecover`.`user_id` = (1)

2017-07-03 15:46:29 Sql: SELECT `Log`.`id`, `Log`.`fecha_carga`, `Log`.`user_id`, `Log`.`model`, `Log`.`action`, `Log`.`model_id` FROM `timbreo`.`sys_logs` AS `Log`   WHERE `Log`.`user_id` = (1)

2017-07-03 15:46:29 Sql: SELECT `Bloqueo`.`id`, `Bloqueo`.`fecha_carga`, `Bloqueo`.`session_id`, `Bloqueo`.`user_id`, `Bloqueo`.`model`, `Bloqueo`.`model_id` FROM `timbreo`.`sys_bloqueos` AS `Bloqueo`   WHERE `Bloqueo`.`user_id` = (1)

2017-07-03 15:46:29 Sql: SELECT `Rol`.`id`, `Rol`.`fecha_carga`, `Rol`.`fecha_modificacion`, `Rol`.`user_id`, `Rol`.`nombre`, `AccUsersRol`.`id`, `AccUsersRol`.`user_id`, `AccUsersRol`.`rol_id` FROM `timbreo`.`acc_rols` AS `Rol` JOIN `timbreo`.`acc_users_rols` AS `AccUsersRol` ON (`AccUsersRol`.`user_id` = 1 AND `AccUsersRol`.`rol_id` = `Rol`.`id`) 

2017-07-03 15:46:29 Sql: SELECT `Notification`.`id`, `Notification`.`fecha_carga`, `Notification`.`user_id`, `Notification`.`model`, `Notification`.`model_id`, `Notification`.`action`, `Notification`.`read`, `MsgNotificationsUser`.`id`, `MsgNotificationsUser`.`notification_id`, `MsgNotificationsUser`.`user_id`, `MsgNotificationsUser`.`read` FROM `timbreo`.`msg_notifications` AS `Notification` JOIN `timbreo`.`msg_notifications_users` AS `MsgNotificationsUser` ON (`MsgNotificationsUser`.`user_id` = 1 AND `MsgNotificationsUser`.`notification_id` = `Notification`.`id`) 

2017-07-03 15:46:29 Sql: SELECT `User`.`id`, `User`.`fecha_carga`, `User`.`fecha_modificacion`, `User`.`firstname`, `User`.`lastname`, `User`.`username`, `User`.`password`, `User`.`estado`, `User`.`email`, (CONCAT(`User`.`firstname`, " ", `User`.`lastname`)) AS  `User__fullname` FROM `timbreo`.`acc_users` AS `User`   WHERE `User`.`username` = 'federicobouzas@gmail.com'    LIMIT 1

2017-07-03 15:47:09 Sql: SHOW FULL COLUMNS FROM `timbreo`.`sys_configurations`

2017-07-03 15:47:09 Sql: SELECT CHARACTER_SET_NAME FROM INFORMATION_SCHEMA.COLLATIONS WHERE COLLATION_NAME = ?

2017-07-03 15:47:09 Sql: SELECT `Configuration`.`id`, `Configuration`.`fecha_modificacion`, `Configuration`.`empresa`, `Configuration`.`telefono`, `Configuration`.`fax`, `Configuration`.`email`, `Configuration`.`web`, `Configuration`.`footer`, `Configuration`.`server_emails`, `Configuration`.`server_sms`, `Configuration`.`max_emails`, `Configuration`.`max_emails_dominio`, `Configuration`.`rol_operador_soporte`, `Configuration`.`rol_supervisor_soporte`, `Configuration`.`rol_tecnico_soporte`, `Configuration`.`rol_transportista_almacen`, `Configuration`.`rol_intendente_eevv`, `Configuration`.`rol_relevador`, `Configuration`.`rol_supervisor_relevadores`, `Configuration`.`hospital_medico_laboral`, `Configuration`.`problema_id_medico_laboral`, `Configuration`.`dependencia_responsable_licencias`, `Configuration`.`version`, `Configuration`.`provision_dependencia_id`, `Configuration`.`rrhh_monto`, `Configuration`.`rrhh_q`, `Configuration`.`fecha_ult_carga_sap` FROM `timbreo`.`sys_configurations` AS `Configuration`   WHERE 1 = 1    LIMIT 1

2017-07-03 15:47:11 Sql: SELECT `User`.`id`, `User`.`fecha_carga`, `User`.`fecha_modificacion`, `User`.`firstname`, `User`.`lastname`, `User`.`username`, `User`.`password`, `User`.`estado`, `User`.`email`, (CONCAT(`User`.`firstname`, " ", `User`.`lastname`)) AS  `User__fullname` FROM `timbreo`.`acc_users` AS `User`   WHERE `User`.`username` = 'federicobouzas@gmail.com' AND `User`.`estado` = 'Activo'    LIMIT 1

2017-07-03 15:47:11 Sql: SELECT `GlobalButton`.`id`, `GlobalButton`.`fecha_carga`, `GlobalButton`.`fecha_modificacion`, `GlobalButton`.`user_id`, `GlobalButton`.`global`, `GlobalButton`.`query`, `GlobalButton`.`display_order`, `GlobalButton`.`refresh`, `GlobalButton`.`icon`, `GlobalButton`.`url`, `GlobalButton`.`description`, `GlobalButton`.`status` FROM `timbreo`.`acc_buttons` AS `GlobalButton`   WHERE `GlobalButton`.`status` = 'Activo' AND `GlobalButton`.`global` = 'Si'

2017-07-03 15:47:11 Sql: SELECT `UserRecover`.`id`, `UserRecover`.`fecha_carga`, `UserRecover`.`user_id`, `UserRecover`.`hash` FROM `timbreo`.`acc_users_recovers` AS `UserRecover`   WHERE `UserRecover`.`user_id` = (1)

2017-07-03 15:47:11 Sql: SELECT `Log`.`id`, `Log`.`fecha_carga`, `Log`.`user_id`, `Log`.`model`, `Log`.`action`, `Log`.`model_id` FROM `timbreo`.`sys_logs` AS `Log`   WHERE `Log`.`user_id` = (1)

2017-07-03 15:47:11 Sql: SELECT `Bloqueo`.`id`, `Bloqueo`.`fecha_carga`, `Bloqueo`.`session_id`, `Bloqueo`.`user_id`, `Bloqueo`.`model`, `Bloqueo`.`model_id` FROM `timbreo`.`sys_bloqueos` AS `Bloqueo`   WHERE `Bloqueo`.`user_id` = (1)

2017-07-03 15:47:11 Sql: SELECT `Rol`.`id`, `Rol`.`fecha_carga`, `Rol`.`fecha_modificacion`, `Rol`.`user_id`, `Rol`.`nombre`, `AccUsersRol`.`id`, `AccUsersRol`.`user_id`, `AccUsersRol`.`rol_id` FROM `timbreo`.`acc_rols` AS `Rol` JOIN `timbreo`.`acc_users_rols` AS `AccUsersRol` ON (`AccUsersRol`.`user_id` = 1 AND `AccUsersRol`.`rol_id` = `Rol`.`id`) 

2017-07-03 15:47:11 Sql: SELECT `Notification`.`id`, `Notification`.`fecha_carga`, `Notification`.`user_id`, `Notification`.`model`, `Notification`.`model_id`, `Notification`.`action`, `Notification`.`read`, `MsgNotificationsUser`.`id`, `MsgNotificationsUser`.`notification_id`, `MsgNotificationsUser`.`user_id`, `MsgNotificationsUser`.`read` FROM `timbreo`.`msg_notifications` AS `Notification` JOIN `timbreo`.`msg_notifications_users` AS `MsgNotificationsUser` ON (`MsgNotificationsUser`.`user_id` = 1 AND `MsgNotificationsUser`.`notification_id` = `Notification`.`id`) 

2017-07-03 15:47:11 Sql: SELECT `User`.`id`, `User`.`fecha_carga`, `User`.`fecha_modificacion`, `User`.`firstname`, `User`.`lastname`, `User`.`username`, `User`.`password`, `User`.`estado`, `User`.`email`, (CONCAT(`User`.`firstname`, " ", `User`.`lastname`)) AS  `User__fullname` FROM `timbreo`.`acc_users` AS `User`   WHERE `User`.`username` = 'federicobouzas@gmail.com'    LIMIT 1

2017-07-03 15:48:56 Sql: SHOW FULL COLUMNS FROM `timbreo`.`sys_configurations`

2017-07-03 15:48:56 Sql: SELECT CHARACTER_SET_NAME FROM INFORMATION_SCHEMA.COLLATIONS WHERE COLLATION_NAME = ?

2017-07-03 15:48:56 Sql: SELECT `Configuration`.`id`, `Configuration`.`fecha_modificacion`, `Configuration`.`empresa`, `Configuration`.`telefono`, `Configuration`.`fax`, `Configuration`.`email`, `Configuration`.`web`, `Configuration`.`footer`, `Configuration`.`server_emails`, `Configuration`.`server_sms`, `Configuration`.`max_emails`, `Configuration`.`max_emails_dominio`, `Configuration`.`rol_operador_soporte`, `Configuration`.`rol_supervisor_soporte`, `Configuration`.`rol_tecnico_soporte`, `Configuration`.`rol_transportista_almacen`, `Configuration`.`rol_intendente_eevv`, `Configuration`.`rol_relevador`, `Configuration`.`rol_supervisor_relevadores`, `Configuration`.`hospital_medico_laboral`, `Configuration`.`problema_id_medico_laboral`, `Configuration`.`dependencia_responsable_licencias`, `Configuration`.`version`, `Configuration`.`provision_dependencia_id`, `Configuration`.`rrhh_monto`, `Configuration`.`rrhh_q`, `Configuration`.`fecha_ult_carga_sap` FROM `timbreo`.`sys_configurations` AS `Configuration`   WHERE 1 = 1    LIMIT 1

2017-07-03 15:48:58 Sql: SELECT `User`.`id`, `User`.`fecha_carga`, `User`.`fecha_modificacion`, `User`.`firstname`, `User`.`lastname`, `User`.`username`, `User`.`password`, `User`.`estado`, `User`.`email`, (CONCAT(`User`.`firstname`, " ", `User`.`lastname`)) AS  `User__fullname` FROM `timbreo`.`acc_users` AS `User`   WHERE `User`.`username` = 'federicobouzas@gmail.com' AND `User`.`estado` = 'Activo'    LIMIT 1

2017-07-03 15:48:58 Sql: SELECT `GlobalButton`.`id`, `GlobalButton`.`fecha_carga`, `GlobalButton`.`fecha_modificacion`, `GlobalButton`.`user_id`, `GlobalButton`.`global`, `GlobalButton`.`query`, `GlobalButton`.`display_order`, `GlobalButton`.`refresh`, `GlobalButton`.`icon`, `GlobalButton`.`url`, `GlobalButton`.`description`, `GlobalButton`.`status` FROM `timbreo`.`acc_buttons` AS `GlobalButton`   WHERE `GlobalButton`.`status` = 'Activo' AND `GlobalButton`.`global` = 'Si'

2017-07-03 15:48:58 Sql: SELECT `UserRecover`.`id`, `UserRecover`.`fecha_carga`, `UserRecover`.`user_id`, `UserRecover`.`hash` FROM `timbreo`.`acc_users_recovers` AS `UserRecover`   WHERE `UserRecover`.`user_id` = (1)

2017-07-03 15:48:58 Sql: SELECT `Log`.`id`, `Log`.`fecha_carga`, `Log`.`user_id`, `Log`.`model`, `Log`.`action`, `Log`.`model_id` FROM `timbreo`.`sys_logs` AS `Log`   WHERE `Log`.`user_id` = (1)

2017-07-03 15:48:58 Sql: SELECT `Bloqueo`.`id`, `Bloqueo`.`fecha_carga`, `Bloqueo`.`session_id`, `Bloqueo`.`user_id`, `Bloqueo`.`model`, `Bloqueo`.`model_id` FROM `timbreo`.`sys_bloqueos` AS `Bloqueo`   WHERE `Bloqueo`.`user_id` = (1)

2017-07-03 15:48:58 Sql: SELECT `Rol`.`id`, `Rol`.`fecha_carga`, `Rol`.`fecha_modificacion`, `Rol`.`user_id`, `Rol`.`nombre`, `AccUsersRol`.`id`, `AccUsersRol`.`user_id`, `AccUsersRol`.`rol_id` FROM `timbreo`.`acc_rols` AS `Rol` JOIN `timbreo`.`acc_users_rols` AS `AccUsersRol` ON (`AccUsersRol`.`user_id` = 1 AND `AccUsersRol`.`rol_id` = `Rol`.`id`) 

2017-07-03 15:48:58 Sql: SELECT `Notification`.`id`, `Notification`.`fecha_carga`, `Notification`.`user_id`, `Notification`.`model`, `Notification`.`model_id`, `Notification`.`action`, `Notification`.`read`, `MsgNotificationsUser`.`id`, `MsgNotificationsUser`.`notification_id`, `MsgNotificationsUser`.`user_id`, `MsgNotificationsUser`.`read` FROM `timbreo`.`msg_notifications` AS `Notification` JOIN `timbreo`.`msg_notifications_users` AS `MsgNotificationsUser` ON (`MsgNotificationsUser`.`user_id` = 1 AND `MsgNotificationsUser`.`notification_id` = `Notification`.`id`) 

2017-07-03 15:48:58 Sql: SELECT `User`.`id`, `User`.`fecha_carga`, `User`.`fecha_modificacion`, `User`.`firstname`, `User`.`lastname`, `User`.`username`, `User`.`password`, `User`.`estado`, `User`.`email`, (CONCAT(`User`.`firstname`, " ", `User`.`lastname`)) AS  `User__fullname` FROM `timbreo`.`acc_users` AS `User`   WHERE `User`.`username` = 'federicobouzas@gmail.com'    LIMIT 1

2017-07-03 18:13:46 Sql: SHOW FULL COLUMNS FROM `timbreo`.`sys_configurations`

2017-07-03 18:13:46 Sql: SELECT CHARACTER_SET_NAME FROM INFORMATION_SCHEMA.COLLATIONS WHERE COLLATION_NAME = ?

2017-07-03 18:13:46 Sql: SELECT `Configuration`.`id`, `Configuration`.`fecha_modificacion`, `Configuration`.`empresa`, `Configuration`.`telefono`, `Configuration`.`fax`, `Configuration`.`email`, `Configuration`.`web`, `Configuration`.`footer`, `Configuration`.`server_emails`, `Configuration`.`server_sms`, `Configuration`.`max_emails`, `Configuration`.`max_emails_dominio`, `Configuration`.`rol_operador_soporte`, `Configuration`.`rol_supervisor_soporte`, `Configuration`.`rol_tecnico_soporte`, `Configuration`.`rol_transportista_almacen`, `Configuration`.`rol_intendente_eevv`, `Configuration`.`rol_relevador`, `Configuration`.`rol_supervisor_relevadores`, `Configuration`.`hospital_medico_laboral`, `Configuration`.`problema_id_medico_laboral`, `Configuration`.`dependencia_responsable_licencias`, `Configuration`.`version`, `Configuration`.`provision_dependencia_id`, `Configuration`.`rrhh_monto`, `Configuration`.`rrhh_q`, `Configuration`.`fecha_ult_carga_sap` FROM `timbreo`.`sys_configurations` AS `Configuration`   WHERE 1 = 1    LIMIT 1

2017-07-03 18:13:48 Sql: SELECT `User`.`id`, `User`.`fecha_carga`, `User`.`fecha_modificacion`, `User`.`firstname`, `User`.`lastname`, `User`.`username`, `User`.`password`, `User`.`estado`, `User`.`email`, (CONCAT(`User`.`firstname`, " ", `User`.`lastname`)) AS  `User__fullname` FROM `timbreo`.`acc_users` AS `User`   WHERE `User`.`username` = 'federicobouzas@gmail.com' AND `User`.`estado` = 'Activo'    LIMIT 1

2017-07-03 18:13:48 Sql: SELECT `GlobalButton`.`id`, `GlobalButton`.`fecha_carga`, `GlobalButton`.`fecha_modificacion`, `GlobalButton`.`user_id`, `GlobalButton`.`global`, `GlobalButton`.`query`, `GlobalButton`.`display_order`, `GlobalButton`.`refresh`, `GlobalButton`.`icon`, `GlobalButton`.`url`, `GlobalButton`.`description`, `GlobalButton`.`status` FROM `timbreo`.`acc_buttons` AS `GlobalButton`   WHERE `GlobalButton`.`status` = 'Activo' AND `GlobalButton`.`global` = 'Si'

2017-07-03 18:13:48 Sql: SELECT `UserRecover`.`id`, `UserRecover`.`fecha_carga`, `UserRecover`.`user_id`, `UserRecover`.`hash` FROM `timbreo`.`acc_users_recovers` AS `UserRecover`   WHERE `UserRecover`.`user_id` = (1)

2017-07-03 18:13:48 Sql: SELECT `Log`.`id`, `Log`.`fecha_carga`, `Log`.`user_id`, `Log`.`model`, `Log`.`action`, `Log`.`model_id` FROM `timbreo`.`sys_logs` AS `Log`   WHERE `Log`.`user_id` = (1)

2017-07-03 18:13:48 Sql: SELECT `Bloqueo`.`id`, `Bloqueo`.`fecha_carga`, `Bloqueo`.`session_id`, `Bloqueo`.`user_id`, `Bloqueo`.`model`, `Bloqueo`.`model_id` FROM `timbreo`.`sys_bloqueos` AS `Bloqueo`   WHERE `Bloqueo`.`user_id` = (1)

2017-07-03 18:13:48 Sql: SELECT `Rol`.`id`, `Rol`.`fecha_carga`, `Rol`.`fecha_modificacion`, `Rol`.`user_id`, `Rol`.`nombre`, `AccUsersRol`.`id`, `AccUsersRol`.`user_id`, `AccUsersRol`.`rol_id` FROM `timbreo`.`acc_rols` AS `Rol` JOIN `timbreo`.`acc_users_rols` AS `AccUsersRol` ON (`AccUsersRol`.`user_id` = 1 AND `AccUsersRol`.`rol_id` = `Rol`.`id`) 

2017-07-03 18:13:48 Sql: SELECT `Notification`.`id`, `Notification`.`fecha_carga`, `Notification`.`user_id`, `Notification`.`model`, `Notification`.`model_id`, `Notification`.`action`, `Notification`.`read`, `MsgNotificationsUser`.`id`, `MsgNotificationsUser`.`notification_id`, `MsgNotificationsUser`.`user_id`, `MsgNotificationsUser`.`read` FROM `timbreo`.`msg_notifications` AS `Notification` JOIN `timbreo`.`msg_notifications_users` AS `MsgNotificationsUser` ON (`MsgNotificationsUser`.`user_id` = 1 AND `MsgNotificationsUser`.`notification_id` = `Notification`.`id`) 

2017-07-03 18:13:48 Sql: SELECT `User`.`id`, `User`.`fecha_carga`, `User`.`fecha_modificacion`, `User`.`firstname`, `User`.`lastname`, `User`.`username`, `User`.`password`, `User`.`estado`, `User`.`email`, (CONCAT(`User`.`firstname`, " ", `User`.`lastname`)) AS  `User__fullname` FROM `timbreo`.`acc_users` AS `User`   WHERE `User`.`username` = 'federicobouzas@gmail.com'    LIMIT 1

2017-07-03 18:53:57 Sql: SHOW FULL COLUMNS FROM `timbreo`.`sys_configurations`

2017-07-03 18:53:57 Sql: SELECT CHARACTER_SET_NAME FROM INFORMATION_SCHEMA.COLLATIONS WHERE COLLATION_NAME = ?

2017-07-03 18:53:57 Sql: SELECT `Configuration`.`id`, `Configuration`.`fecha_modificacion`, `Configuration`.`empresa`, `Configuration`.`telefono`, `Configuration`.`fax`, `Configuration`.`email`, `Configuration`.`web`, `Configuration`.`footer`, `Configuration`.`server_emails`, `Configuration`.`server_sms`, `Configuration`.`max_emails`, `Configuration`.`max_emails_dominio`, `Configuration`.`rol_operador_soporte`, `Configuration`.`rol_supervisor_soporte`, `Configuration`.`rol_tecnico_soporte`, `Configuration`.`rol_transportista_almacen`, `Configuration`.`rol_intendente_eevv`, `Configuration`.`rol_relevador`, `Configuration`.`rol_supervisor_relevadores`, `Configuration`.`hospital_medico_laboral`, `Configuration`.`problema_id_medico_laboral`, `Configuration`.`dependencia_responsable_licencias`, `Configuration`.`version`, `Configuration`.`provision_dependencia_id`, `Configuration`.`rrhh_monto`, `Configuration`.`rrhh_q`, `Configuration`.`fecha_ult_carga_sap` FROM `timbreo`.`sys_configurations` AS `Configuration`   WHERE 1 = 1    LIMIT 1

2017-07-03 18:54:00 Sql: SELECT `User`.`id`, `User`.`fecha_carga`, `User`.`fecha_modificacion`, `User`.`firstname`, `User`.`lastname`, `User`.`username`, `User`.`password`, `User`.`estado`, `User`.`email`, (CONCAT(`User`.`firstname`, " ", `User`.`lastname`)) AS  `User__fullname` FROM `timbreo`.`acc_users` AS `User`   WHERE `User`.`username` = 'federicobouzas@gmail.com' AND `User`.`estado` = 'Activo'    LIMIT 1

2017-07-03 18:54:00 Sql: SELECT `GlobalButton`.`id`, `GlobalButton`.`fecha_carga`, `GlobalButton`.`fecha_modificacion`, `GlobalButton`.`user_id`, `GlobalButton`.`global`, `GlobalButton`.`query`, `GlobalButton`.`display_order`, `GlobalButton`.`refresh`, `GlobalButton`.`icon`, `GlobalButton`.`url`, `GlobalButton`.`description`, `GlobalButton`.`status` FROM `timbreo`.`acc_buttons` AS `GlobalButton`   WHERE `GlobalButton`.`status` = 'Activo' AND `GlobalButton`.`global` = 'Si'

2017-07-03 18:54:00 Sql: SELECT `UserRecover`.`id`, `UserRecover`.`fecha_carga`, `UserRecover`.`user_id`, `UserRecover`.`hash` FROM `timbreo`.`acc_users_recovers` AS `UserRecover`   WHERE `UserRecover`.`user_id` = (1)

2017-07-03 18:54:00 Sql: SELECT `Log`.`id`, `Log`.`fecha_carga`, `Log`.`user_id`, `Log`.`model`, `Log`.`action`, `Log`.`model_id` FROM `timbreo`.`sys_logs` AS `Log`   WHERE `Log`.`user_id` = (1)

2017-07-03 18:54:00 Sql: SELECT `Bloqueo`.`id`, `Bloqueo`.`fecha_carga`, `Bloqueo`.`session_id`, `Bloqueo`.`user_id`, `Bloqueo`.`model`, `Bloqueo`.`model_id` FROM `timbreo`.`sys_bloqueos` AS `Bloqueo`   WHERE `Bloqueo`.`user_id` = (1)

2017-07-03 18:54:00 Sql: SELECT `Rol`.`id`, `Rol`.`fecha_carga`, `Rol`.`fecha_modificacion`, `Rol`.`user_id`, `Rol`.`nombre`, `AccUsersRol`.`id`, `AccUsersRol`.`user_id`, `AccUsersRol`.`rol_id` FROM `timbreo`.`acc_rols` AS `Rol` JOIN `timbreo`.`acc_users_rols` AS `AccUsersRol` ON (`AccUsersRol`.`user_id` = 1 AND `AccUsersRol`.`rol_id` = `Rol`.`id`) 

2017-07-03 18:54:00 Sql: SELECT `Notification`.`id`, `Notification`.`fecha_carga`, `Notification`.`user_id`, `Notification`.`model`, `Notification`.`model_id`, `Notification`.`action`, `Notification`.`read`, `MsgNotificationsUser`.`id`, `MsgNotificationsUser`.`notification_id`, `MsgNotificationsUser`.`user_id`, `MsgNotificationsUser`.`read` FROM `timbreo`.`msg_notifications` AS `Notification` JOIN `timbreo`.`msg_notifications_users` AS `MsgNotificationsUser` ON (`MsgNotificationsUser`.`user_id` = 1 AND `MsgNotificationsUser`.`notification_id` = `Notification`.`id`) 

2017-07-03 18:54:00 Sql: SELECT `User`.`id`, `User`.`fecha_carga`, `User`.`fecha_modificacion`, `User`.`firstname`, `User`.`lastname`, `User`.`username`, `User`.`password`, `User`.`estado`, `User`.`email`, (CONCAT(`User`.`firstname`, " ", `User`.`lastname`)) AS  `User__fullname` FROM `timbreo`.`acc_users` AS `User`   WHERE `User`.`username` = 'federicobouzas@gmail.com'    LIMIT 1

2017-07-03 19:14:53 Sql: SHOW FULL COLUMNS FROM `timbreo`.`sys_configurations`

2017-07-03 19:14:53 Sql: SELECT CHARACTER_SET_NAME FROM INFORMATION_SCHEMA.COLLATIONS WHERE COLLATION_NAME = ?

2017-07-03 19:14:53 Sql: SELECT `Configuration`.`id`, `Configuration`.`fecha_modificacion`, `Configuration`.`empresa`, `Configuration`.`telefono`, `Configuration`.`fax`, `Configuration`.`email`, `Configuration`.`web`, `Configuration`.`footer`, `Configuration`.`server_emails`, `Configuration`.`server_sms`, `Configuration`.`max_emails`, `Configuration`.`max_emails_dominio`, `Configuration`.`rol_operador_soporte`, `Configuration`.`rol_supervisor_soporte`, `Configuration`.`rol_tecnico_soporte`, `Configuration`.`rol_transportista_almacen`, `Configuration`.`rol_intendente_eevv`, `Configuration`.`rol_relevador`, `Configuration`.`rol_supervisor_relevadores`, `Configuration`.`hospital_medico_laboral`, `Configuration`.`problema_id_medico_laboral`, `Configuration`.`dependencia_responsable_licencias`, `Configuration`.`version`, `Configuration`.`provision_dependencia_id`, `Configuration`.`rrhh_monto`, `Configuration`.`rrhh_q`, `Configuration`.`fecha_ult_carga_sap` FROM `timbreo`.`sys_configurations` AS `Configuration`   WHERE 1 = 1    LIMIT 1

2017-07-03 19:14:58 Sql: SHOW TABLES FROM `timbreo`

2017-07-03 19:14:58 Sql: SHOW FULL COLUMNS FROM `timbreo`.`acc_users`

2017-07-03 19:14:58 Sql: SELECT CHARACTER_SET_NAME FROM INFORMATION_SCHEMA.COLLATIONS WHERE COLLATION_NAME = ?

2017-07-03 19:14:58 Sql: SELECT `User`.`id`, `User`.`fecha_carga`, `User`.`fecha_modificacion`, `User`.`firstname`, `User`.`lastname`, `User`.`username`, `User`.`password`, `User`.`estado`, `User`.`email`, (CONCAT(`User`.`firstname`, " ", `User`.`lastname`)) AS  `User__fullname` FROM `timbreo`.`acc_users` AS `User`   WHERE `User`.`username` = 'federicobouzas@gmail.com' AND `User`.`estado` = 'Activo'    LIMIT 1

2017-07-03 19:14:58 Sql: SHOW FULL COLUMNS FROM `timbreo`.`acc_buttons`

2017-07-03 19:14:58 Sql: SELECT `GlobalButton`.`id`, `GlobalButton`.`fecha_carga`, `GlobalButton`.`fecha_modificacion`, `GlobalButton`.`user_id`, `GlobalButton`.`global`, `GlobalButton`.`query`, `GlobalButton`.`display_order`, `GlobalButton`.`refresh`, `GlobalButton`.`icon`, `GlobalButton`.`url`, `GlobalButton`.`description`, `GlobalButton`.`status` FROM `timbreo`.`acc_buttons` AS `GlobalButton`   WHERE `GlobalButton`.`status` = 'Activo' AND `GlobalButton`.`global` = 'Si'

2017-07-03 19:14:58 Sql: SHOW FULL COLUMNS FROM `timbreo`.`acc_users_recovers`

2017-07-03 19:14:58 Sql: SELECT `UserRecover`.`id`, `UserRecover`.`fecha_carga`, `UserRecover`.`user_id`, `UserRecover`.`hash` FROM `timbreo`.`acc_users_recovers` AS `UserRecover`   WHERE `UserRecover`.`user_id` = (1)

2017-07-03 19:14:58 Sql: SHOW FULL COLUMNS FROM `timbreo`.`sys_logs`

2017-07-03 19:14:58 Sql: SELECT `Log`.`id`, `Log`.`fecha_carga`, `Log`.`user_id`, `Log`.`model`, `Log`.`action`, `Log`.`model_id` FROM `timbreo`.`sys_logs` AS `Log`   WHERE `Log`.`user_id` = (1)

2017-07-03 19:14:58 Sql: SHOW FULL COLUMNS FROM `timbreo`.`sys_bloqueos`

2017-07-03 19:14:58 Sql: SELECT `Bloqueo`.`id`, `Bloqueo`.`fecha_carga`, `Bloqueo`.`session_id`, `Bloqueo`.`user_id`, `Bloqueo`.`model`, `Bloqueo`.`model_id` FROM `timbreo`.`sys_bloqueos` AS `Bloqueo`   WHERE `Bloqueo`.`user_id` = (1)

2017-07-03 19:14:58 Sql: SHOW FULL COLUMNS FROM `timbreo`.`acc_users_rols`

2017-07-03 19:14:58 Sql: SELECT `Rol`.`id`, `Rol`.`fecha_carga`, `Rol`.`fecha_modificacion`, `Rol`.`user_id`, `Rol`.`nombre`, `AccUsersRol`.`id`, `AccUsersRol`.`user_id`, `AccUsersRol`.`rol_id` FROM `timbreo`.`acc_rols` AS `Rol` JOIN `timbreo`.`acc_users_rols` AS `AccUsersRol` ON (`AccUsersRol`.`user_id` = 1 AND `AccUsersRol`.`rol_id` = `Rol`.`id`) 

2017-07-03 19:14:58 Sql: SHOW FULL COLUMNS FROM `timbreo`.`msg_notifications_users`

2017-07-03 19:14:58 Sql: SELECT `Notification`.`id`, `Notification`.`fecha_carga`, `Notification`.`user_id`, `Notification`.`model`, `Notification`.`model_id`, `Notification`.`action`, `Notification`.`read`, `MsgNotificationsUser`.`id`, `MsgNotificationsUser`.`notification_id`, `MsgNotificationsUser`.`user_id`, `MsgNotificationsUser`.`read` FROM `timbreo`.`msg_notifications` AS `Notification` JOIN `timbreo`.`msg_notifications_users` AS `MsgNotificationsUser` ON (`MsgNotificationsUser`.`user_id` = 1 AND `MsgNotificationsUser`.`notification_id` = `Notification`.`id`) 

2017-07-03 19:14:58 Sql: SELECT `User`.`id`, `User`.`fecha_carga`, `User`.`fecha_modificacion`, `User`.`firstname`, `User`.`lastname`, `User`.`username`, `User`.`password`, `User`.`estado`, `User`.`email`, (CONCAT(`User`.`firstname`, " ", `User`.`lastname`)) AS  `User__fullname` FROM `timbreo`.`acc_users` AS `User`   WHERE `User`.`username` = 'federicobouzas@gmail.com'    LIMIT 1

2017-07-03 19:25:40 Sql: SELECT `Configuration`.`id`, `Configuration`.`fecha_modificacion`, `Configuration`.`empresa`, `Configuration`.`telefono`, `Configuration`.`fax`, `Configuration`.`email`, `Configuration`.`web`, `Configuration`.`footer`, `Configuration`.`server_emails`, `Configuration`.`server_sms`, `Configuration`.`max_emails`, `Configuration`.`max_emails_dominio`, `Configuration`.`rol_operador_soporte`, `Configuration`.`rol_supervisor_soporte`, `Configuration`.`rol_tecnico_soporte`, `Configuration`.`rol_transportista_almacen`, `Configuration`.`rol_intendente_eevv`, `Configuration`.`rol_relevador`, `Configuration`.`rol_supervisor_relevadores`, `Configuration`.`hospital_medico_laboral`, `Configuration`.`problema_id_medico_laboral`, `Configuration`.`dependencia_responsable_licencias`, `Configuration`.`version`, `Configuration`.`provision_dependencia_id`, `Configuration`.`rrhh_monto`, `Configuration`.`rrhh_q`, `Configuration`.`fecha_ult_carga_sap` FROM `timbreo`.`sys_configurations` AS `Configuration`   WHERE 1 = 1    LIMIT 1

2017-07-03 19:25:42 Sql: SELECT `User`.`id`, `User`.`fecha_carga`, `User`.`fecha_modificacion`, `User`.`firstname`, `User`.`lastname`, `User`.`username`, `User`.`password`, `User`.`estado`, `User`.`email`, (CONCAT(`User`.`firstname`, " ", `User`.`lastname`)) AS  `User__fullname` FROM `timbreo`.`acc_users` AS `User`   WHERE `User`.`username` = 'federicobouzas@gmail.com' AND `User`.`estado` = 'Activo'    LIMIT 1

2017-07-03 19:25:42 Sql: SELECT `GlobalButton`.`id`, `GlobalButton`.`fecha_carga`, `GlobalButton`.`fecha_modificacion`, `GlobalButton`.`user_id`, `GlobalButton`.`global`, `GlobalButton`.`query`, `GlobalButton`.`display_order`, `GlobalButton`.`refresh`, `GlobalButton`.`icon`, `GlobalButton`.`url`, `GlobalButton`.`description`, `GlobalButton`.`status` FROM `timbreo`.`acc_buttons` AS `GlobalButton`   WHERE `GlobalButton`.`status` = 'Activo' AND `GlobalButton`.`global` = 'Si'

2017-07-03 19:25:42 Sql: SELECT `UserRecover`.`id`, `UserRecover`.`fecha_carga`, `UserRecover`.`user_id`, `UserRecover`.`hash` FROM `timbreo`.`acc_users_recovers` AS `UserRecover`   WHERE `UserRecover`.`user_id` = (1)

2017-07-03 19:25:42 Sql: SELECT `Log`.`id`, `Log`.`fecha_carga`, `Log`.`user_id`, `Log`.`model`, `Log`.`action`, `Log`.`model_id` FROM `timbreo`.`sys_logs` AS `Log`   WHERE `Log`.`user_id` = (1)

2017-07-03 19:25:42 Sql: SELECT `Bloqueo`.`id`, `Bloqueo`.`fecha_carga`, `Bloqueo`.`session_id`, `Bloqueo`.`user_id`, `Bloqueo`.`model`, `Bloqueo`.`model_id` FROM `timbreo`.`sys_bloqueos` AS `Bloqueo`   WHERE `Bloqueo`.`user_id` = (1)

2017-07-03 19:25:42 Sql: SELECT `Rol`.`id`, `Rol`.`fecha_carga`, `Rol`.`fecha_modificacion`, `Rol`.`user_id`, `Rol`.`nombre`, `AccUsersRol`.`id`, `AccUsersRol`.`user_id`, `AccUsersRol`.`rol_id` FROM `timbreo`.`acc_rols` AS `Rol` JOIN `timbreo`.`acc_users_rols` AS `AccUsersRol` ON (`AccUsersRol`.`user_id` = 1 AND `AccUsersRol`.`rol_id` = `Rol`.`id`) 

2017-07-03 19:25:42 Sql: SELECT `Notification`.`id`, `Notification`.`fecha_carga`, `Notification`.`user_id`, `Notification`.`model`, `Notification`.`model_id`, `Notification`.`action`, `Notification`.`read`, `MsgNotificationsUser`.`id`, `MsgNotificationsUser`.`notification_id`, `MsgNotificationsUser`.`user_id`, `MsgNotificationsUser`.`read` FROM `timbreo`.`msg_notifications` AS `Notification` JOIN `timbreo`.`msg_notifications_users` AS `MsgNotificationsUser` ON (`MsgNotificationsUser`.`user_id` = 1 AND `MsgNotificationsUser`.`notification_id` = `Notification`.`id`) 

2017-07-03 19:25:42 Sql: SELECT `User`.`id`, `User`.`fecha_carga`, `User`.`fecha_modificacion`, `User`.`firstname`, `User`.`lastname`, `User`.`username`, `User`.`password`, `User`.`estado`, `User`.`email`, (CONCAT(`User`.`firstname`, " ", `User`.`lastname`)) AS  `User__fullname` FROM `timbreo`.`acc_users` AS `User`   WHERE `User`.`username` = 'federicobouzas@gmail.com'    LIMIT 1

2017-07-03 19:58:12 Sql: SHOW FULL COLUMNS FROM `timbreo`.`sys_configurations`

2017-07-03 19:58:12 Sql: SELECT CHARACTER_SET_NAME FROM INFORMATION_SCHEMA.COLLATIONS WHERE COLLATION_NAME = ?

2017-07-03 19:58:12 Sql: SELECT `Configuration`.`id`, `Configuration`.`fecha_modificacion`, `Configuration`.`empresa`, `Configuration`.`telefono`, `Configuration`.`fax`, `Configuration`.`email`, `Configuration`.`web`, `Configuration`.`footer`, `Configuration`.`server_emails`, `Configuration`.`server_sms`, `Configuration`.`max_emails`, `Configuration`.`max_emails_dominio`, `Configuration`.`rol_operador_soporte`, `Configuration`.`rol_supervisor_soporte`, `Configuration`.`rol_tecnico_soporte`, `Configuration`.`rol_transportista_almacen`, `Configuration`.`rol_intendente_eevv`, `Configuration`.`rol_relevador`, `Configuration`.`rol_supervisor_relevadores`, `Configuration`.`hospital_medico_laboral`, `Configuration`.`problema_id_medico_laboral`, `Configuration`.`dependencia_responsable_licencias`, `Configuration`.`version`, `Configuration`.`provision_dependencia_id`, `Configuration`.`rrhh_monto`, `Configuration`.`rrhh_q`, `Configuration`.`fecha_ult_carga_sap` FROM `timbreo`.`sys_configurations` AS `Configuration`   WHERE 1 = 1    LIMIT 1

2017-07-03 19:58:52 Sql: SHOW TABLES FROM `timbreo`

2017-07-03 19:58:52 Sql: SHOW FULL COLUMNS FROM `timbreo`.`acc_users`

2017-07-03 19:58:52 Sql: SELECT CHARACTER_SET_NAME FROM INFORMATION_SCHEMA.COLLATIONS WHERE COLLATION_NAME = ?

2017-07-03 19:58:52 Sql: SELECT `User`.`id`, `User`.`fecha_carga`, `User`.`fecha_modificacion`, `User`.`firstname`, `User`.`lastname`, `User`.`username`, `User`.`password`, `User`.`estado`, `User`.`email`, (CONCAT(`User`.`firstname`, " ", `User`.`lastname`)) AS  `User__fullname` FROM `timbreo`.`acc_users` AS `User`   WHERE `User`.`username` = 'federicobouzas@gmail.com' AND `User`.`estado` = 'Activo'    LIMIT 1

2017-07-03 19:58:52 Sql: SHOW FULL COLUMNS FROM `timbreo`.`acc_buttons`

2017-07-03 19:58:52 Sql: SELECT `GlobalButton`.`id`, `GlobalButton`.`fecha_carga`, `GlobalButton`.`fecha_modificacion`, `GlobalButton`.`user_id`, `GlobalButton`.`global`, `GlobalButton`.`query`, `GlobalButton`.`display_order`, `GlobalButton`.`refresh`, `GlobalButton`.`icon`, `GlobalButton`.`url`, `GlobalButton`.`description`, `GlobalButton`.`status` FROM `timbreo`.`acc_buttons` AS `GlobalButton`   WHERE `GlobalButton`.`status` = 'Activo' AND `GlobalButton`.`global` = 'Si'

2017-07-03 19:58:52 Sql: SHOW FULL COLUMNS FROM `timbreo`.`acc_users_recovers`

2017-07-03 19:58:52 Sql: SELECT `UserRecover`.`id`, `UserRecover`.`fecha_carga`, `UserRecover`.`user_id`, `UserRecover`.`hash` FROM `timbreo`.`acc_users_recovers` AS `UserRecover`   WHERE `UserRecover`.`user_id` = (1)

2017-07-03 19:58:52 Sql: SHOW FULL COLUMNS FROM `timbreo`.`sys_logs`

2017-07-03 19:58:52 Sql: SELECT `Log`.`id`, `Log`.`fecha_carga`, `Log`.`user_id`, `Log`.`model`, `Log`.`action`, `Log`.`model_id` FROM `timbreo`.`sys_logs` AS `Log`   WHERE `Log`.`user_id` = (1)

2017-07-03 19:58:52 Sql: SHOW FULL COLUMNS FROM `timbreo`.`sys_bloqueos`

2017-07-03 19:58:52 Sql: SELECT `Bloqueo`.`id`, `Bloqueo`.`fecha_carga`, `Bloqueo`.`session_id`, `Bloqueo`.`user_id`, `Bloqueo`.`model`, `Bloqueo`.`model_id` FROM `timbreo`.`sys_bloqueos` AS `Bloqueo`   WHERE `Bloqueo`.`user_id` = (1)

2017-07-03 19:58:52 Sql: SHOW FULL COLUMNS FROM `timbreo`.`acc_users_rols`

2017-07-03 19:58:52 Sql: SHOW FULL COLUMNS FROM `timbreo`.`acc_rols`

2017-07-03 19:58:52 Sql: SELECT `Rol`.`id`, `Rol`.`fecha_carga`, `Rol`.`fecha_modificacion`, `Rol`.`user_id`, `Rol`.`nombre`, `AccUsersRol`.`id`, `AccUsersRol`.`user_id`, `AccUsersRol`.`rol_id` FROM `timbreo`.`acc_rols` AS `Rol` JOIN `timbreo`.`acc_users_rols` AS `AccUsersRol` ON (`AccUsersRol`.`user_id` = 1 AND `AccUsersRol`.`rol_id` = `Rol`.`id`) 

2017-07-03 19:58:52 Sql: SHOW FULL COLUMNS FROM `timbreo`.`msg_notifications_users`

2017-07-03 19:58:52 Sql: SHOW FULL COLUMNS FROM `timbreo`.`msg_notifications`

2017-07-03 19:58:52 Sql: SELECT `Notification`.`id`, `Notification`.`fecha_carga`, `Notification`.`user_id`, `Notification`.`model`, `Notification`.`model_id`, `Notification`.`action`, `Notification`.`read`, `MsgNotificationsUser`.`id`, `MsgNotificationsUser`.`notification_id`, `MsgNotificationsUser`.`user_id`, `MsgNotificationsUser`.`read` FROM `timbreo`.`msg_notifications` AS `Notification` JOIN `timbreo`.`msg_notifications_users` AS `MsgNotificationsUser` ON (`MsgNotificationsUser`.`user_id` = 1 AND `MsgNotificationsUser`.`notification_id` = `Notification`.`id`) 

2017-07-03 19:58:52 Sql: SELECT `User`.`id`, `User`.`fecha_carga`, `User`.`fecha_modificacion`, `User`.`firstname`, `User`.`lastname`, `User`.`username`, `User`.`password`, `User`.`estado`, `User`.`email`, (CONCAT(`User`.`firstname`, " ", `User`.`lastname`)) AS  `User__fullname` FROM `timbreo`.`acc_users` AS `User`   WHERE `User`.`username` = 'federicobouzas@gmail.com'    LIMIT 1

